<?xml version="1.0" encoding="UTF-8"?>
<!-- Generated by org.testng.reporters.JUnitReportReporter -->
<testsuite hostname="LAPTOP-0UUAF93D" failures="0" tests="2" name="assignment.mobile.TestClass" time="9.332" errors="1" timestamp="2025-09-25T17:19:06 IST" skipped="1">
  <testcase classname="assignment.mobile.TestClass" name="testMethod" time="0.001">
    <skipped/>
  </testcase> <!-- testMethod -->
  <testcase classname="assignment.mobile.TestClass" name="setup" time="9.331">
    <error message="Could not start a new session. Response code 500. Message: A new session could not be created. Details: session not created
from unknown error: Failed to clear data for com.android.chrome on device 175ea12a: 
Exception occurred while executing &#039;clear&#039;:
java.lang.SecurityException: PID 23525 does not have permission android.permission.CLEAR_APP_USER_DATA to clear data of package com.android.chrome
	at com.android.server.am.ActivityManagerService.clearApplicationUserData(ActivityManagerService.java:4090)
	at com.android.server.am.ActivityManagerService.clearApplicationUserData(ActivityManagerService.java:4037)
	at com.android.server.pm.PackageManagerShellCommand.runClear(PackageManagerShellCommand.java:2380)
	at com.android.server.pm.PackageManagerShellCommand.onCommand(PackageManagerShellCommand.java:290)
	at com.android.modules.utils.BasicShellCommandHandler.exec(BasicShellCommandHandler.java:97)
	at android.os.ShellCommand.exec(ShellCommand.java:38)
	at com.android.server.pm.PackageManagerService$IPackageManagerImpl.onShellCommand(PackageManagerService.java:7031)
	at android.os.Binder.shellCommand(Binder.java:1243)
	at android.os.Binder.onTransact(Binder.java:1056)
	at android.content.pm.IPackageManager$Stub.onTransact(IPackageManager.java:4620)
	at com.android.server.pm.PackageManagerService$IPackageManagerImpl.onTransact(PackageManagerService.java:7015)
	at android.os.Binder.execTransactInternal(Binder.java:1523)
	at android.os.Binder.execTransact(Binder.java:1457)
 
Host info: host: &#039;LAPTOP-0UUAF93D&#039;, ip: &#039;192.168.1.94&#039;
Build info: version: &#039;4.23.0&#039;, revision: &#039;4df0a231af&#039;
System info: os.name: &#039;Windows 11&#039;, os.arch: &#039;amd64&#039;, os.version: &#039;10.0&#039;, java.version: &#039;21.0.8&#039;
Driver info: io.appium.java_client.android.AndroidDriver
Command: [null, newSession {capabilities=[Capabilities {appium:automationName: UiAutomator2, appium:chromedriverExecutable: C:\Visali\ApkFiles\chromedr..., appium:deviceName: CPH2467, appium:fullReset: false, appium:noReset: true, appium:skipChromeReset: true, appium:udid: 175ea12a, browserName: Chrome, platformName: ANDROID}]}]
Capabilities {appium:automationName: UiAutomator2, appium:chromedriverExecutable: C:\Visali\ApkFiles\chromedr..., appium:deviceName: CPH2467, appium:fullReset: false, appium:noReset: true, appium:skipChromeReset: true, appium:udid: 175ea12a, browserName: Chrome, platformName: ANDROID}" type="org.openqa.selenium.SessionNotCreatedException">
      <![CDATA[org.openqa.selenium.SessionNotCreatedException: Could not start a new session. Response code 500. Message: A new session could not be created. Details: session not created
from unknown error: Failed to clear data for com.android.chrome on device 175ea12a: 
Exception occurred while executing 'clear':
java.lang.SecurityException: PID 23525 does not have permission android.permission.CLEAR_APP_USER_DATA to clear data of package com.android.chrome
at com.android.server.am.ActivityManagerService.clearApplicationUserData(ActivityManagerService.java:4090)
at com.android.server.am.ActivityManagerService.clearApplicationUserData(ActivityManagerService.java:4037)
at com.android.server.pm.PackageManagerShellCommand.runClear(PackageManagerShellCommand.java:2380)
at com.android.server.pm.PackageManagerShellCommand.onCommand(PackageManagerShellCommand.java:290)
at com.android.modules.utils.BasicShellCommandHandler.exec(BasicShellCommandHandler.java:97)
at android.os.ShellCommand.exec(ShellCommand.java:38)
at com.android.server.pm.PackageManagerService$IPackageManagerImpl.onShellCommand(PackageManagerService.java:7031)
at android.os.Binder.shellCommand(Binder.java:1243)
at android.os.Binder.onTransact(Binder.java:1056)
at android.content.pm.IPackageManager$Stub.onTransact(IPackageManager.java:4620)
at com.android.server.pm.PackageManagerService$IPackageManagerImpl.onTransact(PackageManagerService.java:7015)
at android.os.Binder.execTransactInternal(Binder.java:1523)
at android.os.Binder.execTransact(Binder.java:1457)
 
Host info: host: 'LAPTOP-0UUAF93D', ip: '192.168.1.94'
Build info: version: '4.23.0', revision: '4df0a231af'
System info: os.name: 'Windows 11', os.arch: 'amd64', os.version: '10.0', java.version: '21.0.8'
Driver info: io.appium.java_client.android.AndroidDriver
Command: [null, newSession {capabilities=[Capabilities {appium:automationName: UiAutomator2, appium:chromedriverExecutable: C:\Visali\ApkFiles\chromedr..., appium:deviceName: CPH2467, appium:fullReset: false, appium:noReset: true, appium:skipChromeReset: true, appium:udid: 175ea12a, browserName: Chrome, platformName: ANDROID}]}]
Capabilities {appium:automationName: UiAutomator2, appium:chromedriverExecutable: C:\Visali\ApkFiles\chromedr..., appium:deviceName: CPH2467, appium:fullReset: false, appium:noReset: true, appium:skipChromeReset: true, appium:udid: 175ea12a, browserName: Chrome, platformName: ANDROID}
at org.openqa.selenium.remote.ProtocolHandshake.createSession(ProtocolHandshake.java:114)
at org.openqa.selenium.remote.ProtocolHandshake.createSession(ProtocolHandshake.java:75)
at org.openqa.selenium.remote.ProtocolHandshake.createSession(ProtocolHandshake.java:61)
at io.appium.java_client.remote.AppiumCommandExecutor.createSession(AppiumCommandExecutor.java:176)
at io.appium.java_client.remote.AppiumCommandExecutor.execute(AppiumCommandExecutor.java:237)
at org.openqa.selenium.remote.RemoteWebDriver.execute(RemoteWebDriver.java:527)
at io.appium.java_client.AppiumDriver.startSession(AppiumDriver.java:270)
at org.openqa.selenium.remote.RemoteWebDriver.<init>(RemoteWebDriver.java:163)
at io.appium.java_client.AppiumDriver.<init>(AppiumDriver.java:91)
at io.appium.java_client.AppiumDriver.<init>(AppiumDriver.java:103)
at io.appium.java_client.android.AndroidDriver.<init>(AndroidDriver.java:109)
at assignment.mobile.Dummy.setup(Dummy.java:41)
at java.base/jdk.internal.reflect.DirectMethodHandleAccessor.invoke(DirectMethodHandleAccessor.java:103)
at java.base/java.lang.reflect.Method.invoke(Method.java:580)
at org.testng.internal.invokers.MethodInvocationHelper.invokeMethod(MethodInvocationHelper.java:141)
at org.testng.internal.invokers.MethodInvocationHelper.invokeMethodConsideringTimeout(MethodInvocationHelper.java:71)
at org.testng.internal.invokers.ConfigInvoker.invokeConfigurationMethod(ConfigInvoker.java:400)
at org.testng.internal.invokers.ConfigInvoker.invokeConfigurations(ConfigInvoker.java:333)
at org.testng.internal.invokers.TestInvoker.runConfigMethods(TestInvoker.java:836)
at org.testng.internal.invokers.TestInvoker.invokeMethod(TestInvoker.java:601)
at org.testng.internal.invokers.TestInvoker.invokeTestMethod(TestInvoker.java:230)
at org.testng.internal.invokers.MethodRunner.runInSequence(MethodRunner.java:63)
at org.testng.internal.invokers.TestInvoker$MethodInvocationAgent.invoke(TestInvoker.java:995)
at org.testng.internal.invokers.TestInvoker.invokeTestMethods(TestInvoker.java:203)
at org.testng.internal.invokers.TestMethodWorker.invokeTestMethods(TestMethodWorker.java:154)
at org.testng.internal.invokers.TestMethodWorker.run(TestMethodWorker.java:134)
at java.base/java.util.ArrayList.forEach(ArrayList.java:1596)
at org.testng.TestRunner.privateRun(TestRunner.java:741)
at org.testng.TestRunner.run(TestRunner.java:616)
at org.testng.SuiteRunner.runTest(SuiteRunner.java:421)
at org.testng.SuiteRunner.runSequentially(SuiteRunner.java:413)
at org.testng.SuiteRunner.privateRun(SuiteRunner.java:373)
at org.testng.SuiteRunner.run(SuiteRunner.java:312)
at org.testng.SuiteRunnerWorker.runSuite(SuiteRunnerWorker.java:52)
at org.testng.SuiteRunnerWorker.run(SuiteRunnerWorker.java:95)
at org.testng.TestNG.runSuitesSequentially(TestNG.java:1274)
at org.testng.TestNG.runSuitesLocally(TestNG.java:1208)
at org.testng.TestNG.runSuites(TestNG.java:1112)
at org.testng.TestNG.run(TestNG.java:1079)
at org.testng.remote.AbstractRemoteTestNG.run(AbstractRemoteTestNG.java:115)
at org.testng.remote.RemoteTestNG.initAndRun(RemoteTestNG.java:293)
at org.testng.remote.RemoteTestNG.main(RemoteTestNG.java:91)
]]>
    </error>
  </testcase> <!-- setup -->
</testsuite> <!-- assignment.mobile.TestClass -->
