<?xml version="1.0" encoding="UTF-8"?>
<testng-results ignored="0" total="2" passed="1" failed="1" skipped="0">
  <reporter-output>
  </reporter-output>
  <suite started-at="2025-09-25T23:21:02 IST" name="Suite" finished-at="2025-09-25T23:21:55 IST" duration-ms="52488">
    <groups>
    </groups>
    <test started-at="2025-09-25T23:21:02 IST" name="Test" finished-at="2025-09-25T23:21:55 IST" duration-ms="52488">
      <class name="assignment.mobile.KhanAcademyLoginTest">
        <test-method is-config="true" signature="setup()[pri:0, instance:assignment.mobile.KhanAcademyLoginTest@6ad82709]" started-at="2025-09-25T23:21:03 IST" name="setup" finished-at="2025-09-25T23:21:09 IST" duration-ms="6532" status="PASS">
          <reporter-output>
          </reporter-output>
        </test-method> <!-- setup -->
        <test-method signature="loginTest(java.util.HashMap)[pri:0, instance:assignment.mobile.KhanAcademyLoginTest@6ad82709]" started-at="2025-09-25T23:21:09 IST" name="loginTest" data-provider="getCredentials" finished-at="2025-09-25T23:21:26 IST" duration-ms="16676" status="PASS">
          <params>
            <param index="0">
              <value>
                <![CDATA[{username=testUserPass@gmail.com, password=TestPass@1}]]>
              </value>
            </param>
          </params>
          <reporter-output>
          </reporter-output>
        </test-method> <!-- loginTest -->
        <test-method is-config="true" signature="tearDown()[pri:0, instance:assignment.mobile.KhanAcademyLoginTest@6ad82709]" started-at="2025-09-25T23:21:26 IST" name="tearDown" finished-at="2025-09-25T23:21:28 IST" duration-ms="2255" status="PASS">
          <reporter-output>
          </reporter-output>
        </test-method> <!-- tearDown -->
        <test-method is-config="true" signature="setup()[pri:0, instance:assignment.mobile.KhanAcademyLoginTest@6ad82709]" started-at="2025-09-25T23:21:28 IST" name="setup" finished-at="2025-09-25T23:21:33 IST" duration-ms="4331" status="PASS">
          <reporter-output>
          </reporter-output>
        </test-method> <!-- setup -->
        <test-method signature="loginTest(java.util.HashMap)[pri:0, instance:assignment.mobile.KhanAcademyLoginTest@6ad82709]" started-at="2025-09-25T23:21:33 IST" name="loginTest" data-provider="getCredentials" finished-at="2025-09-25T23:21:52 IST" duration-ms="19345" status="FAIL">
          <params>
            <param index="0">
              <value>
                <![CDATA[{username=testUsPass@gmail.com, password=TestPass@1}]]>
              </value>
            </param>
          </params>
          <exception class="org.openqa.selenium.TimeoutException">
            <message>
              <![CDATA[Expected condition failed: waiting for visibility of Proxy element for: DefaultElementLocator 'By.xpath: //android.view.View[@text='Khan Academy']' (tried for 10 second(s) with 500 milliseconds interval)]]>
            </message>
            <full-stacktrace>
              <![CDATA[org.openqa.selenium.TimeoutException: Expected condition failed: waiting for visibility of Proxy element for: DefaultElementLocator 'By.xpath: //android.view.View[@text='Khan Academy']' (tried for 10 second(s) with 500 milliseconds interval)
at org.openqa.selenium.support.ui.WebDriverWait.timeoutException(WebDriverWait.java:84)
at org.openqa.selenium.support.ui.FluentWait.until(FluentWait.java:228)
at assignment.utils.CommonUtilsOfAppium.waitForAnElementVisibility(CommonUtilsOfAppium.java:34)
at assignment.pageObjects.HomePage.getTitleFromHomePage(HomePage.java:30)
at assignment.mobile.KhanAcademyLoginTest.loginTest(KhanAcademyLoginTest.java:43)
at java.base/jdk.internal.reflect.DirectMethodHandleAccessor.invoke(DirectMethodHandleAccessor.java:103)
at java.base/java.lang.reflect.Method.invoke(Method.java:580)
at org.testng.internal.invokers.MethodInvocationHelper.invokeMethod(MethodInvocationHelper.java:141)
at org.testng.internal.invokers.TestInvoker.invokeMethod(TestInvoker.java:687)
at org.testng.internal.invokers.TestInvoker.invokeTestMethod(TestInvoker.java:230)
at org.testng.internal.invokers.MethodRunner.runInSequence(MethodRunner.java:63)
at org.testng.internal.invokers.TestInvoker$MethodInvocationAgent.invoke(TestInvoker.java:995)
at org.testng.internal.invokers.TestInvoker.invokeTestMethods(TestInvoker.java:203)
at org.testng.internal.invokers.TestMethodWorker.invokeTestMethods(TestMethodWorker.java:154)
at org.testng.internal.invokers.TestMethodWorker.run(TestMethodWorker.java:134)
at java.base/java.util.ArrayList.forEach(ArrayList.java:1596)
at org.testng.TestRunner.privateRun(TestRunner.java:741)
at org.testng.TestRunner.run(TestRunner.java:616)
at org.testng.SuiteRunner.runTest(SuiteRunner.java:421)
at org.testng.SuiteRunner.runSequentially(SuiteRunner.java:413)
at org.testng.SuiteRunner.privateRun(SuiteRunner.java:373)
at org.testng.SuiteRunner.run(SuiteRunner.java:312)
at org.testng.SuiteRunnerWorker.runSuite(SuiteRunnerWorker.java:52)
at org.testng.SuiteRunnerWorker.run(SuiteRunnerWorker.java:95)
at org.testng.TestNG.runSuitesSequentially(TestNG.java:1274)
at org.testng.TestNG.runSuitesLocally(TestNG.java:1208)
at org.testng.TestNG.runSuites(TestNG.java:1112)
at org.testng.TestNG.run(TestNG.java:1079)
at org.testng.remote.AbstractRemoteTestNG.run(AbstractRemoteTestNG.java:115)
at org.testng.remote.RemoteTestNG.initAndRun(RemoteTestNG.java:293)
at org.testng.remote.RemoteTestNG.main(RemoteTestNG.java:91)
Caused by: org.openqa.selenium.NoSuchElementException: An element could not be located on the page using the given search parameters.
For documentation on this error, please visit: https://www.selenium.dev/documentation/webdriver/troubleshooting/errors#no-such-element-exception
Build info: version: '4.23.0', revision: '4df0a231af'
System info: os.name: 'Windows 11', os.arch: 'amd64', os.version: '10.0', java.version: '21.0.8'
Driver info: io.appium.java_client.android.AndroidDriver
Command: [5e8811aa-26af-4902-8913-7a9032c2cd80, findElement {value=//android.view.View[@text='Khan Academy'], using=xpath}]
Capabilities {appium:appActivity: org.khanacademy.android.ui...., appium:appPackage: org.khanacademy.android, appium:automationName: UiAutomator2, appium:databaseEnabled: false, appium:desired: {appActivity: org.khanacademy.android.ui...., appPackage: org.khanacademy.android, automationName: UiAutomator2, deviceName: CPH2467, fullReset: false, noReset: true, platformName: ANDROID, udid: 175ea12a}, appium:deviceApiLevel: 35, appium:deviceManufacturer: OnePlus, appium:deviceModel: CPH2467, appium:deviceName: 175ea12a, appium:deviceScreenDensity: 480, appium:deviceScreenSize: 1080x2400, appium:deviceUDID: 175ea12a, appium:fullReset: false, appium:javascriptEnabled: true, appium:locationContextEnabled: false, appium:networkConnectionEnabled: true, appium:noReset: true, appium:pixelRatio: 3, appium:platformVersion: 15, appium:statBarHeight: 107, appium:takesScreenshot: true, appium:udid: 175ea12a, appium:viewportRect: {height: 2293, left: 0, top: 107, width: 1080}, appium:warnings: {}, appium:webStorageEnabled: false, platformName: ANDROID}
Session ID: 5e8811aa-26af-4902-8913-7a9032c2cd80
at java.base/jdk.internal.reflect.DirectConstructorHandleAccessor.newInstance(DirectConstructorHandleAccessor.java:62)
at java.base/java.lang.reflect.Constructor.newInstanceWithCaller(Constructor.java:502)
at java.base/java.lang.reflect.Constructor.newInstance(Constructor.java:486)
at org.openqa.selenium.remote.ErrorCodec.decode(ErrorCodec.java:167)
at org.openqa.selenium.remote.codec.w3c.W3CHttpResponseCodec.decode(W3CHttpResponseCodec.java:138)
at org.openqa.selenium.remote.codec.w3c.W3CHttpResponseCodec.decode(W3CHttpResponseCodec.java:50)
at org.openqa.selenium.remote.HttpCommandExecutor.execute(HttpCommandExecutor.java:190)
at io.appium.java_client.remote.AppiumCommandExecutor.execute(AppiumCommandExecutor.java:237)
at org.openqa.selenium.remote.RemoteWebDriver.execute(RemoteWebDriver.java:527)
at org.openqa.selenium.remote.ElementLocation$ElementFinder$2.findElement(ElementLocation.java:165)
at org.openqa.selenium.remote.ElementLocation.findElement(ElementLocation.java:59)
at org.openqa.selenium.remote.RemoteWebDriver.findElement(RemoteWebDriver.java:357)
at org.openqa.selenium.remote.RemoteWebDriver.findElement(RemoteWebDriver.java:351)
at org.openqa.selenium.support.pagefactory.DefaultElementLocator.findElement(DefaultElementLocator.java:68)
at org.openqa.selenium.support.pagefactory.internal.LocatingElementHandler.invoke(LocatingElementHandler.java:38)
at jdk.proxy2/jdk.proxy2.$Proxy14.isDisplayed(Unknown Source)
at org.openqa.selenium.support.ui.ExpectedConditions.elementIfVisible(ExpectedConditions.java:304)
at org.openqa.selenium.support.ui.ExpectedConditions$10.apply(ExpectedConditions.java:290)
at org.openqa.selenium.support.ui.ExpectedConditions$10.apply(ExpectedConditions.java:287)
at org.openqa.selenium.support.ui.FluentWait.until(FluentWait.java:203)
... 29 more
]]>
            </full-stacktrace>
          </exception> <!-- org.openqa.selenium.TimeoutException -->
          <reporter-output>
          </reporter-output>
        </test-method> <!-- loginTest -->
        <test-method is-config="true" signature="tearDown()[pri:0, instance:assignment.mobile.KhanAcademyLoginTest@6ad82709]" started-at="2025-09-25T23:21:53 IST" name="tearDown" finished-at="2025-09-25T23:21:55 IST" duration-ms="2114" status="PASS">
          <reporter-output>
          </reporter-output>
        </test-method> <!-- tearDown -->
      </class> <!-- assignment.mobile.KhanAcademyLoginTest -->
    </test> <!-- Test -->
  </suite> <!-- Suite -->
</testng-results>
